set ucliGUI::state
set ucliGUI::state
ucliCore::getToolPID
synopsys::env hasTB
trigger_hier_stack_context_switch 0
synUtils::setDVEInitPhase 1
synopsys::dump -type VPD -file /home1/msc30y20/Desktop/Test2_GP30/Behavioral/inter.vpd -locking
synopsys::dump -autoflush on -fid VPD0
set ::dve_fid VPD0
synUtils::setDVEInitPhase 0
ucliCore::getToolPID
synUtils::sendTool -active _icl_setToolSocket /tmp/smlnpeq3oye
synUtils::sendTool -active {_icl_start_rpc -version "I-2014.03-SP1" -sync_file /tmp/vcs_dve_rpc.msc30y20.15247}
synUtils::sendTool -active {_icl_createSharedMemory /tmp/vcs_dve_general.msc30y20.15247}
config endofsim noexit
config onfail enable all
config syscaddplainmembers
config syscaddsourcenames
config syscaddstructtypes
synopsys::listing -disable
synopsys::dump -add {Connect4_tb.C4_OUT Connect4_tb.CLK Connect4_tb.G Connect4_tb.LED_PIN Connect4_tb.NRST Connect4_tb.O Connect4_tb.REG_G Connect4_tb.REG_O Connect4_tb.start } -aggregates  -fid VPD0
synopsys::run
set ucliGUI::state
set ucliGUI::state
set ucliGUI::state
set ucliGUI::state
if [catch {gui_sim_terminate}] {gui_sim_terminate -kill}
synopsys::finish
set ucliGUI::state
set ucliGUI::state
ucli_exit
