07:41:29    16 -->                                                             [tcl] ucliGUI::connect -toolargs -ucligui -toolexe simv -pid 15247 -toolin /tmp/vcs_20201008234124_15243_msc30y20..stdin -toolout /tmp/vcs_20201008234124_15243_msc30y20..stdout  
07:41:29    17 -->                                                                 [tcl] set ucliGUI::state
07:41:29    18 -->                                                                     [tcl] gui_update_simulator_buttons
07:41:31    19 -->                                                                         [tcl] set ucliGUI::state
07:41:31    20 -->                                                                             [tcl] ucliCore::getToolPID
07:41:31    21 -->                                                                                 [tcl] synopsys::env hasTB
07:41:31    22 -->                                                                                     [tcl] trigger_hier_stack_context_switch 0
07:41:31    23 -->                                                                                         [tcl] synUtils::setDVEInitPhase 1
07:41:31    24 -->                                                                                             [tcl] gui_get_env SIMSETUP::SIMVPD
07:41:31    25 --> ...  [tcl] synopsys::dump -type VPD -file /home1/msc30y20/Desktop/Test2_GP30/Behavioral/inter.vpd -locking
07:41:31    26 --> ...      [tcl] synopsys::dump -autoflush on -fid VPD0
07:41:31    27 --> ...          [tcl] set ::dve_fid VPD0
07:41:31    28 --> ...              [tcl] synUtils::setDVEInitPhase 0
07:41:31    29 --> ...                  [tcl] ucliCore::getToolPID
07:41:31    30 --> ...                      [tcl] synUtils::sendTool -active _icl_setToolSocket /tmp/smlnpeq3oye
07:41:31    31 --> ...                          [tcl] synUtils::sendTool -active {_icl_start_rpc -version "I-2014.03-SP1" -sync_file /tmp/vcs_dve_rpc.msc30y20.15247}
07:41:31    32 --> ...                              [tcl] synUtils::sendTool -active {_icl_createSharedMemory /tmp/vcs_dve_general.msc30y20.15247}
07:41:31    33 --> ...                                  [tcl] dveMisc::vbusExpand Connect4_tb
07:41:31    34 --> ...                                      [tcl] config endofsim noexit
07:41:31    35 --> ...                                          [tcl] config onfail enable all
07:41:31    36 --> ...                                              [tcl] config syscaddplainmembers
07:41:31    37 --> ...                                                  [tcl] config syscaddsourcenames
07:41:31    38 --> ...                                                      [tcl] config syscaddstructtypes
07:41:31    39 --> ...                                                          [tcl] synopsys::listing -disable
07:41:38    40 --> ...                                                              [tcl] synopsys::dump -add {Connect4_tb.C4_OUT Connect4_tb.CLK Connect4_tb.G Connect4_tb.LED_PIN Connect4_tb.NRST Connect4_tb.O Connect4_tb.REG_G Connect4_tb.REG_O Connect4_tb.start } -aggregates  -fid VPD0
07:41:39    41 --> ...                                                                  [tcl] synopsys::run
07:41:39    42 --> ...                                                                      [tcl] set ucliGUI::state
07:41:39    43 --> ...                                                                          [tcl] set ucliGUI::state
07:41:39    44 --> ...                                                                              [tcl] set ucliGUI::state
07:41:39    45 --> ...                                                                                  [tcl] set ucliGUI::state
07:41:39    46 --> ...                                                                                      [tcl] catch {senv activeDomain} dveMisc::result 
07:41:39    47 --> ...                                                                                          [tcl] set dveMisc::result
07:41:39    48 --> ...                                                                                              [tcl] gui_update_simulator_buttons
07:41:49    49 --> ...                                                                                                  [tcl] if [catch {gui_sim_terminate}] {gui_sim_terminate -kill}
07:41:49    50 --> ...  [tcl] synopsys::finish
07:41:49    51 --> ...      [tcl] set ucliGUI::state
07:41:49    52 --> ...          [tcl] set ucliGUI::state
07:41:49    53 --> ...              [tcl] catch {senv activeDomain} dveMisc::result 
07:41:49    54 --> ...                  [tcl] set dveMisc::result
07:41:49    55 --> ...                      [tcl] gui_update_simulator_buttons
07:41:49    56 --> ...                          [tcl] catch {senv activeDomain} dveMisc::result 
07:41:49    57 --> ...                              [tcl] set dveMisc::result
07:41:49    58 --> ...                                  [tcl] ucli_exit
